ANDROID/WebPluginLib/build/outputs/mapping/release/seeds.txt
com.tencent.doh.R
com.tencent.doh.R$anim
com.tencent.doh.R$anim: int abc_fade_in
com.tencent.doh.R$anim: int abc_fade_out
com.tencent.doh.R$anim: int abc_grow_fade_in_from_bottom
com.tencent.doh.R$anim: int abc_popup_enter
com.tencent.doh.R$anim: int abc_popup_exit
com.tencent.doh.R$anim: int abc_shrink_fade_out_from_bottom
com.tencent.doh.R$anim: int abc_slide_in_bottom
com.tencent.doh.R$anim: int abc_slide_in_top
com.tencent.doh.R$anim: int abc_slide_out_bottom
com.tencent.doh.R$anim: int abc_slide_out_top
com.tencent.doh.R$anim: int txwp_bottom_in
com.tencent.doh.R$anim: int txwp_bottom_out
com.tencent.doh.R$anim: int txwp_fade_in
com.tencent.doh.R$anim: int txwp_fade_out
com.tencent.doh.R$anim: int txwp_hide_to_bottom
com.tencent.doh.R$anim: int txwp_left_in
com.tencent.doh.R$anim: int txwp_left_out
com.tencent.doh.R$anim: int txwp_right_in
com.tencent.doh.R$anim: int txwp_right_out
com.tencent.doh.R$anim: int txwp_scale_in
com.tencent.doh.R$anim: int txwp_scale_out
com.tencent.doh.R$anim: int txwp_show_from_bottom
com.tencent.doh.R$anim: int txwp_top_in
com.tencent.doh.R$anim: int txwp_top_out
com.tencent.doh.R$anim: R$anim()
com.tencent.doh.R$anim: void <clinit>()
com.tencent.doh.R$attr
com.tencent.doh.R$attr: int actionBarDivider
com.tencent.doh.R$attr: int actionBarItemBackground
com.tencent.doh.R$attr: int actionBarPopupTheme
com.tencent.doh.R$attr: int actionBarSize
com.tencent.doh.R$attr: int actionBarSplitStyle
com.tencent.doh.R$attr: int actionBarStyle
com.tencent.doh.R$attr: int actionBarTabBarStyle
com.tencent.doh.R$attr: int actionBarTabStyle
com.tencent.doh.R$attr: int actionBarTabTextStyle
com.tencent.doh.R$attr: int actionBarTheme
com.tencent.doh.R$attr: int actionBarWidgetTheme
com.tencent.doh.R$attr: int actionButtonStyle
com.tencent.doh.R$attr: int actionDropDownStyle
com.tencent.doh.R$attr: int actionLayout
com.tencent.doh.R$attr: int actionMenuTextAppearance
com.tencent.doh.R$attr: int actionMenuTextColor
com.tencent.doh.R$attr: int actionModeBackground
com.tencent.doh.R$attr: int actionModeCloseButtonStyle
com.tencent.doh.R$attr: int actionModeCloseDrawable
com.tencent.doh.R$attr: int actionModeCopyDrawable
com.tencent.doh.R$attr: int actionModeCutDrawable
com.tencent.doh.R$attr: int actionModeFindDrawable
com.tencent.doh.R$attr: int actionModePasteDrawable
com.tencent.doh.R$attr: int actionModePopupWindowStyle
com.tencent.doh.R$attr: int actionModeSelectAllDrawable
com.tencent.doh.R$attr: int actionModeShareDrawable
com.tencent.doh.R$attr: int actionModeSplitBackground
com.tencent.doh.R$attr: int actionModeStyle
com.tencent.doh.R$attr: int actionModeWebSearchDrawable
com.tencent.doh.R$bool
com.tencent.doh.R$bool: int abc_action_bar_embed_tabs
com.tencent.doh.R$bool: int abc_action_bar_embed_tabs_pre_jb
com.tencent.doh.R$bool: int abc_action_bar_expanded_action_views_exclusive
com.tencent.doh.R$bool: int abc_allow_stacked_button_bar
com.tencent.doh.R$bool: int abc_config_actionMenuItemAllCaps
com.tencent.doh.R$bool: int abc_config_allowActionMenuItemTextWithIcon
com.tencent.doh.R$bool: int abc_config_closeDialogWhenTouchOutside
com.tencent.doh.R$bool: int abc_config_showMenuShortcutsWhenKeyboardPresent
com.tencent.doh.R$bool: int default_circle_indicator_centered
com.tencent.doh.R$bool: int default_circle_indicator_snap
com.tencent.doh.R$bool: int default_line_indicator_centered
com.tencent.doh.R$bool: int default_title_indicator_selected_bold
com.tencent.doh.R$bool: int default_underline_indicator_fades
com.tencent.doh.R$bool: R$bool()
com.tencent.doh.R$bool: void <clinit>()
...
com.tencent.upload.task.impl.BucketListTask$CmdTaskRsp
com.tencent.upload.task.impl.BucketListTask$CmdTaskRsp: java.util.ArrayList infos
com.tencent.upload.task.impl.BucketListTask$CmdTaskRsp: BucketListTask$CmdTaskRsp(FileCloud.BucketListRsp)
com.tencent.upload.task.impl.BucketListTask$IListener
com.tencent.upload.task.impl.BucketStatTask
com.tencent.upload.task.impl.BucketStatTask: com.tencent.upload.Const$FileType mFileType
com.tencent.upload.task.impl.BucketStatTask: int mFlag
com.tencent.upload.task.impl.BucketStatTask: com.tencent.upload.task.impl.BucketStatTask$IListener mListener
com.tencent.upload.task.impl.BucketStatTask: FileCloud.BucketStatRsp mActionResponse
com.tencent.upload.task.impl.BucketStatTask: BucketStatTask(com.tencent.upload.Const$FileType,java.lang.String,com.tencent.upload.task.impl.BucketStatTask$IListener)
com.tencent.upload.task.impl.BucketStatTask: void onResponse(com.tencent.upload.c.a,com.tencent.upload.c.c)
com.tencent.upload.task.impl.BucketStatTask: FileCloud.BucketStatRsp getResponse()
com.tencent.upload.task.impl.BucketStatTask: com.tencent.upload.Const$FileType getFileType()
com.tencent.upload.task.impl.BucketStatTask: com.tencent.upload.c.a getNetworkRequest()
com.tencent.upload.task.impl.BucketStatTask$CmdTaskRsp
com.tencent.upload.task.impl.BucketStatTask$CmdTaskRsp: int eauth
com.tencent.upload.task.impl.BucketStatTask$CmdTaskRsp: long ctime
com.tencent.upload.task.impl.BucketStatTask$CmdTaskRsp: long mtime
com.tencent.upload.task.impl.BucketStatTask$CmdTaskRsp: java.lang.String biz_attr
com.tencent.upload.task.impl.BucketStatTask$CmdTaskRsp: java.util.ArrayList refers
com.tencent.upload.task.impl.BucketStatTask$CmdTaskRsp: java.util.ArrayList cnames
com.tencent.upload.task.impl.BucketStatTask$CmdTaskRsp: java.util.ArrayList cors_rules
com.tencent.upload.task.impl.BucketStatTask$CmdTaskRsp: BucketStatTask$CmdTaskRsp(FileCloud.BucketStatRsp)
com.tencent.upload.task.impl.BucketStatTask$IListener
com.tencent.upload.task.impl.BucketUpdateTask
com.tencent.upload.task.impl.BucketUpdateTask: int mModflag
com.tencent.upload.task.impl.BucketUpdateTask: java.lang.String mPath
com.tencent.upload.task.impl.BucketUpdateTask: com.tencent.upload.Const$FileType mFileType
com.tencent.upload.task.impl.BucketUpdateTask: int Eauth
com.tencent.upload.task.impl.BucketUpdateTask: java.lang.String mBiz_attr
com.tencent.upload.task.impl.BucketUpdateTask: java.util.ArrayList mRefers
com.tencent.upload.task.impl.BucketUpdateTask: java.util.ArrayList mCnames
com.tencent.upload.task.impl.BucketUpdateTask: java.util.Map mReserved_attrs
com.tencent.upload.task.impl.BucketUpdateTask: java.util.ArrayList mCors_rules
com.tencent.upload.task.impl.BucketUpdateTask: java.util.ArrayList mBlackrefers
com.tencent.upload.task.impl.BucketUpdateTask: FileCloud.BucketVideoInfo mBucket_video_info
com.tencent.upload.task.impl.BucketUpdateTask: com.tencent.upload.task.impl.BucketUpdateTask$IListener mListener
com.tencent.upload.task.impl.BucketUpdateTask: FileCloud.BucketUpdateRsp mActionResponse
com.tencent.upload.task.impl.BucketUpdateTask: BucketUpdateTask(com.tencent.upload.Const$FileType,java.lang.String,java.lang.String,int,int,java.lang.String,java.util.ArrayList,java.util.ArrayList,java.util.Map,java.util.ArrayList,java.util.ArrayList,FileCloud.BucketVideoInfo,com.tencent.upload.task.impl.BucketUpdateTask$IListener)
com.tencent.upload.task.impl.BucketUpdateTask$CmdTaskRsp
com.tencent.upload.task.impl.BucketUpdateTask$CmdTaskRsp: BucketUpdateTask$CmdTaskRsp(FileCloud.BucketUpdateRsp)
com.tencent.upload.task.impl.BucketUpdateTask$IListener