ANDROID/WebPluginLib/build/outputs/mapping/release/mapping.txt
com.tencent.doh.R -> com.tencent.doh.R:
    void <init>() -> <init>
com.tencent.doh.R$anim -> com.tencent.doh.R$anim:
    int abc_fade_in -> abc_fade_in
    int abc_fade_out -> abc_fade_out
    int abc_grow_fade_in_from_bottom -> abc_grow_fade_in_from_bottom
    int abc_popup_enter -> abc_popup_enter
    int abc_popup_exit -> abc_popup_exit
    int abc_shrink_fade_out_from_bottom -> abc_shrink_fade_out_from_bottom
    int abc_slide_in_bottom -> abc_slide_in_bottom
    int abc_slide_in_top -> abc_slide_in_top
    int abc_slide_out_bottom -> abc_slide_out_bottom
    int abc_slide_out_top -> abc_slide_out_top
    int txwp_bottom_in -> txwp_bottom_in
    int txwp_bottom_out -> txwp_bottom_out
    int txwp_fade_in -> txwp_fade_in
    int txwp_fade_out -> txwp_fade_out
    int txwp_hide_to_bottom -> txwp_hide_to_bottom
    int txwp_left_in -> txwp_left_in
    int txwp_left_out -> txwp_left_out
    int txwp_right_in -> txwp_right_in
    int txwp_right_out -> txwp_right_out
    int txwp_scale_in -> txwp_scale_in
    int txwp_scale_out -> txwp_scale_out
    int txwp_show_from_bottom -> txwp_show_from_bottom
    int txwp_top_in -> txwp_top_in
    int txwp_top_out -> txwp_top_out
    void <init>() -> <init>
    void <clinit>() -> <clinit>
com.tencent.doh.R$attr -> com.tencent.doh.R$attr:
    int actionBarDivider -> actionBarDivider
    int actionBarItemBackground -> actionBarItemBackground
    int actionBarPopupTheme -> actionBarPopupTheme
    int actionBarSize -> actionBarSize
    int actionBarSplitStyle -> actionBarSplitStyle
    int actionBarStyle -> actionBarStyle
    int actionBarTabBarStyle -> actionBarTabBarStyle
    int actionBarTabStyle -> actionBarTabStyle
    int actionBarTabTextStyle -> actionBarTabTextStyle
    int actionBarTheme -> actionBarTheme
    int actionBarWidgetTheme -> actionBarWidgetTheme
    int actionButtonStyle -> actionButtonStyle
    int actionDropDownStyle -> actionDropDownStyle
    int actionLayout -> actionLayout
    int actionMenuTextAppearance -> actionMenuTextAppearance
    int actionMenuTextColor -> actionMenuTextColor
    int actionModeBackground -> actionModeBackground
    int actionModeCloseButtonStyle -> actionModeCloseButtonStyle
    int actionModeCloseDrawable -> actionModeCloseDrawable
    int actionModeCopyDrawable -> actionModeCopyDrawable
    int actionModeCutDrawable -> actionModeCutDrawable
    int actionModeFindDrawable -> actionModeFindDrawable
    int actionModePasteDrawable -> actionModePasteDrawable
    int actionModePopupWindowStyle -> actionModePopupWindowStyle
    int actionModeSelectAllDrawable -> actionModeSelectAllDrawable
    int actionModeShareDrawable -> actionModeShareDrawable
    int actionModeSplitBackground -> actionModeSplitBackground
com.tencent.doh.R$bool -> com.tencent.doh.R$bool:
    int abc_action_bar_embed_tabs -> abc_action_bar_embed_tabs
    int abc_action_bar_embed_tabs_pre_jb -> abc_action_bar_embed_tabs_pre_jb
    int abc_action_bar_expanded_action_views_exclusive -> abc_action_bar_expanded_action_views_exclusive
    int abc_allow_stacked_button_bar -> abc_allow_stacked_button_bar
    int abc_config_actionMenuItemAllCaps -> abc_config_actionMenuItemAllCaps
    int abc_config_allowActionMenuItemTextWithIcon -> abc_config_allowActionMenuItemTextWithIcon
    int abc_config_closeDialogWhenTouchOutside -> abc_config_closeDialogWhenTouchOutside
    int abc_config_showMenuShortcutsWhenKeyboardPresent -> abc_config_showMenuShortcutsWhenKeyboardPresent
    int default_circle_indicator_centered -> default_circle_indicator_centered
    int default_circle_indicator_snap -> default_circle_indicator_snap
    int default_line_indicator_centered -> default_line_indicator_centered
    int default_title_indicator_selected_bold -> default_title_indicator_selected_bold
    int default_underline_indicator_fades -> default_underline_indicator_fades
    void <init>() -> <init>
    void <clinit>() -> <clinit>
...
com.tencent.mm.sdk.modelbiz.JumpToBizWebview$Req -> com.tencent.mm.sdk.modelbiz.JumpToBizWebview$Req:
    java.lang.String TAG -> TAG
    int EXT_MSG_LENGTH -> EXT_MSG_LENGTH
    java.lang.String toUserName -> toUserName
    java.lang.String extMsg -> extMsg
    int webType -> webType
    int scene -> scene
    void <init>() -> <init>
    int getType() -> getType
    boolean checkArgs() -> checkArgs
    void toBundle(android.os.Bundle) -> toBundle
com.tencent.mm.sdk.modelbiz.OpenBusiLuckyMoney -> com.tencent.mm.sdk.modelbiz.OpenBusiLuckyMoney:
    void <init>() -> <init>
com.tencent.mm.sdk.modelbiz.OpenBusiLuckyMoney$Req -> com.tencent.mm.sdk.modelbiz.OpenBusiLuckyMoney$Req:
    int MAX_URL_LENGHT -> MAX_URL_LENGHT
    java.lang.String appId -> appId
    java.lang.String timeStamp -> timeStamp
    java.lang.String nonceStr -> nonceStr
    java.lang.String packageExt -> packageExt
    java.lang.String signType -> signType
    java.lang.String signature -> signature
    void <init>() -> <init>
    int getType() -> getType
    boolean checkArgs() -> checkArgs
    void toBundle(android.os.Bundle) -> toBundle
com.tencent.mm.sdk.modelbiz.OpenRankList -> com.tencent.mm.sdk.modelbiz.OpenRankList:
    void <init>() -> <init>
com.tencent.mm.sdk.modelbiz.OpenRankList$Req -> com.tencent.mm.sdk.modelbiz.OpenRankList$Req:
    void <init>() -> <init>
    int getType() -> getType
    boolean checkArgs() -> checkArgs
com.tencent.mm.sdk.modelbiz.OpenWebview -> com.tencent.mm.sdk.modelbiz.OpenWebview:
    void <init>() -> <init>
com.tencent.mm.sdk.modelbiz.OpenWebview$Req -> com.tencent.mm.sdk.modelbiz.OpenWebview$Req:
    int MAX_URL_LENGHT -> MAX_URL_LENGHT
    java.lang.String url -> url
    void <init>() -> <init>
    int getType() -> getType
    boolean checkArgs() -> checkArgs
    void toBundle(android.os.Bundle) -> toBundle
com.tencent.mm.sdk.modelbiz.OpenWebview$Resp -> com.tencent.mm.sdk.modelbiz.OpenWebview$Resp:
    java.lang.String result -> result
    void <init>() -> <init>
    void <init>(android.os.Bundle) -> <init>
    int getType() -> getType
    void fromBundle(android.os.Bundle) -> fromBundle
    void toBundle(android.os.Bundle) -> toBundle
    boolean checkArgs() -> checkArgs
com.tencent.mm.sdk.modelmsg.GetMessageFromWX -> com.tencent.mm.sdk.modelmsg.GetMessageFromWX:
    void <init>() -> <init>
com.tencent.mm.sdk.modelmsg.GetMessageFromWX$Req -> com.tencent.mm.sdk.modelmsg.GetMessageFromWX$Req:
    java.lang.String username -> username
    java.lang.String lang -> lang
    java.lang.String country -> country
    void <init>() -> <init>
    void <init>(android.os.Bundle) -> <init>
    int getType() -> getType
    void toBundle(android.os.Bundle) -> toBundle
    void fromBundle(android.os.Bundle) -> fromBundle
    boolean checkArgs() -> checkArgs
com.tencent.mm.sdk.modelmsg.GetMessageFromWX$Resp -> com.tencent.mm.sdk.modelmsg.GetMessageFromWX$Resp:
    java.lang.String TAG -> TAG
    com.tencent.mm.sdk.modelmsg.WXMediaMessage message -> message
    void <init>() -> <init>
    void <init>(android.os.Bundle) -> <init>
    int getType() -> getType
    void fromBundle(android.os.Bundle) -> fromBundle
    void toBundle(android.os.Bundle) -> toBundle
    boolean checkArgs() -> checkArgs
com.tencent.mm.sdk.modelmsg.LaunchFromWX -> com.tencent.mm.sdk.modelmsg.LaunchFromWX:
    void <init>() -> <init>