ANDROID/WebPluginLib/build/outputs/mapping/release/usage.txt
com.tencent.doh.BuildConfig
com.tencent.doh.pluginframework.annotation.Public
com.tencent.doh.pluginframework.util.ApkUtils:
    14:14:public ApkUtils()
    54:66:public static java.lang.String getApplicationName(android.content.Context)
com.tencent.doh.pluginframework.util.DateUtils:
    public static final java.lang.String DEFAULT_DATE_TIME_FORMAT
    public static final java.lang.String DEFAULT_FORMAT_DATE
    public static final java.lang.String DEFAULT_FORMAT_TIME
    57:58:private DateUtils()
    67:67:public static java.lang.String getDateTimeFromMillis(long)
    76:76:public static java.lang.String getDateFromMillis(long)
    86:86:public static java.lang.String getDateTimeFormat(java.util.Date)
    98:98:public static java.lang.String getDateFormat(int,int,int)
    116:116:public static java.lang.String getTimeFormat(java.util.Date)
    126:128:public static java.lang.String dateFormat(java.lang.String,java.lang.String)
    138:139:public static java.lang.String dateFormat(java.util.Date,java.lang.String)
    162:162:public static java.util.Date getDateByDateTimeFormat(java.lang.String)
    171:171:public static java.util.Date getDateByDateFormat(java.lang.String)
    181:181:public static java.util.Date getDateByFormat(java.lang.String,java.lang.String)
    192:199:private static java.util.Date getDateByFormat(java.lang.String,java.text.SimpleDateFormat)
    210:212:public static java.util.Date getDate(int,int,int)
    223:224:public static long getIntervalDays(java.lang.String,java.lang.String)
    232:233:public static int getCurrentYear()
    241:242:public static int getCurrentMonth()
    250:251:public static int getDayOfMonth()
    259:260:public static java.lang.String getToday()
com.tencent.doh.pluginframework.util.FileUtils:
    public static final java.lang.String FILE_EXTENSION_SEPARATOR
    27:28:private FileUtils()
    58:59:public static boolean hasSdcard()
    71:71:public static java.lang.String readFile(java.lang.String)
    82:109:public static java.lang.String readFile(java.lang.String,java.lang.String)
    122:122:public static java.util.List readFileToList(java.lang.String)
    133:158:public static java.util.List readFileToList(java.lang.String,java.lang.String)
    173:190:public static boolean writeFile(java.lang.String,java.lang.String,boolean)
    206:206:public static boolean writeFile(java.lang.String,java.io.InputStream)
    220:224:public static boolean writeFile(java.lang.String,java.io.InputStream,boolean)
    238:238:public static boolean writeFile(java.io.File,java.io.InputStream)
    252:272:public static boolean writeFile(java.io.File,java.io.InputStream,boolean)
    286:288:public static boolean copyFile(java.lang.String,java.lang.String)
    300:315:public static java.util.List getFileNameList(java.lang.String,java.io.FilenameFilter)
    324:335:public static java.util.List getFileNameList(java.lang.String)
    345:364:public static java.util.List getFileNameList(java.lang.String,java.lang.String)
    373:381:public static java.lang.String getFileExtension(java.lang.String)
    390:392:public static boolean createFile(java.lang.String)
    401:410:public static boolean createFile(java.io.File)
com.tencent.doh.pluginframework.util.FileUtils$2
com.tencent.doh.pluginframework.util.ImageUtils:
    public static final int WIDTH
    public static final int HEIGHT
    18:18:public ImageUtils()
com.tencent.doh.pluginframework.util.LocationUtils:
    12:12:public LocationUtils()
    20:20:public static com.tencent.mapsdk.raster.model.GeoPoint of(double,double)
    25:26:public static double fmt(double)
    30:31:public static java.lang.String toString(com.tencent.map.geolocation.TencentGeofence)
    35:35:public static java.lang.String toString(android.location.Location)
...
com.nostra13.universalimageloader.core.ImageLoaderConfiguration:
    public static com.nostra13.universalimageloader.core.ImageLoaderConfiguration createDefault(android.content.Context)
com.nostra13.universalimageloader.core.ImageLoaderConfiguration$Builder:
    private static final java.lang.String WARNING_OVERLAP_DISK_CACHE_PARAMS
    private static final java.lang.String WARNING_OVERLAP_DISK_CACHE_NAME_GENERATOR
    private static final java.lang.String WARNING_OVERLAP_MEMORY_CACHE
    private static final java.lang.String WARNING_OVERLAP_EXECUTOR
    public static final int DEFAULT_THREAD_POOL_SIZE
    public static final int DEFAULT_THREAD_PRIORITY
    public com.nostra13.universalimageloader.core.ImageLoaderConfiguration$Builder memoryCacheExtraOptions(int,int)
    public com.nostra13.universalimageloader.core.ImageLoaderConfiguration$Builder discCacheExtraOptions(int,int,com.nostra13.universalimageloader.core.process.BitmapProcessor)
    public com.nostra13.universalimageloader.core.ImageLoaderConfiguration$Builder diskCacheExtraOptions(int,int,com.nostra13.universalimageloader.core.process.BitmapProcessor)
    public com.nostra13.universalimageloader.core.ImageLoaderConfiguration$Builder taskExecutor(java.util.concurrent.Executor)
    public com.nostra13.universalimageloader.core.ImageLoaderConfiguration$Builder taskExecutorForCachedImages(java.util.concurrent.Executor)
    public com.nostra13.universalimageloader.core.ImageLoaderConfiguration$Builder threadPoolSize(int)
    public com.nostra13.universalimageloader.core.ImageLoaderConfiguration$Builder threadPriority(int)
com.nostra13.universalimageloader.core.ImageLoaderEngine:
    void denyNetworkDownloads(boolean)
    void handleSlowNetwork(boolean)
    void pause()
    void resume()
    void stop()
com.nostra13.universalimageloader.core.LoadAndDisplayImageTask:
    private static final java.lang.String LOG_WAITING_FOR_RESUME
    private static final java.lang.String LOG_RESUME_AFTER_PAUSE
    private static final java.lang.String LOG_DELAY_BEFORE_LOADING
    private static final java.lang.String LOG_START_DISPLAY_IMAGE_TASK
    private static final java.lang.String LOG_WAITING_FOR_IMAGE_LOADED
    private static final java.lang.String LOG_GET_IMAGE_FROM_MEMORY_CACHE_AFTER_WAITING
    private static final java.lang.String LOG_LOAD_IMAGE_FROM_NETWORK
    private static final java.lang.String LOG_LOAD_IMAGE_FROM_DISK_CACHE
    private static final java.lang.String LOG_RESIZE_CACHED_IMAGE_FILE
    private static final java.lang.String LOG_PREPROCESS_IMAGE
    private static final java.lang.String LOG_POSTPROCESS_IMAGE
    private static final java.lang.String LOG_CACHE_IMAGE_IN_MEMORY
    private static final java.lang.String LOG_CACHE_IMAGE_ON_DISK
    private static final java.lang.String LOG_PROCESS_IMAGE_BEFORE_CACHE_ON_DISK
    private static final java.lang.String LOG_TASK_CANCELLED_IMAGEAWARE_REUSED
    private static final java.lang.String LOG_TASK_CANCELLED_IMAGEAWARE_COLLECTED
    private static final java.lang.String LOG_TASK_INTERRUPTED
    private static final java.lang.String ERROR_NO_IMAGE_STREAM
    private static final java.lang.String ERROR_PRE_PROCESSOR_NULL
    private static final java.lang.String ERROR_POST_PROCESSOR_NULL
com.nostra13.universalimageloader.core.ProcessAndDisplayImageTask:
    private static final java.lang.String LOG_POSTPROCESS_IMAGE
com.nostra13.universalimageloader.core.assist.FailReason:
    public com.nostra13.universalimageloader.core.assist.FailReason$FailType getType()
com.nostra13.universalimageloader.core.assist.ImageSize:
    private static final int TO_STRING_MAX_LENGHT
    private static final java.lang.String SEPARATOR